{"level":"info","message":"Init"}
{"level":"info","message":"index.InitializeServer"}
{"level":"info","message":"Mongodb init."}
{"level":"info","message":"URI : mongodb://127.0.0.1:27017/nomoex"}
{"level":"info","message":"Routes initialize."}
{"level":"info","message":"******Server listening on PORT: 8080******"}
{"level":"info","message":"Init"}
{"level":"info","message":"index.InitializeServer"}
{"level":"info","message":"Mongodb init."}
{"level":"info","message":"URI : mongodb://127.0.0.1:27017/nomoex"}
{"level":"info","message":"Routes initialize."}
{"level":"info","message":"******Server listening on PORT: 8080******"}
{"level":"info","message":"Init"}
{"level":"info","message":"index.InitializeServer"}
{"level":"info","message":"Mongodb init."}
{"level":"info","message":"URI : mongodb://127.0.0.1:27017"}
{"level":"info","message":"Routes initialize."}
{"level":"info","message":"******Server listening on PORT: 8080******"}
{"level":"info","message":"Init"}
{"level":"info","message":"index.InitializeServer"}
{"level":"info","message":"Mongodb init."}
{"level":"info","message":"URI : mongodb://127.0.0.1:27017"}
{"level":"info","message":"Routes initialize."}
{"level":"info","message":"******Server listening on PORT: 8080******"}
{"level":"error","message":"{\"_original\":{\"username\":\"one\",\"email\":\"piyush@gmail.com\",\"password\":\"12345678\"},\"details\":[{\"message\":\"\\\"username\\\" length must be at least 6 characters long\",\"path\":[\"username\"],\"type\":\"string.min\",\"context\":{\"limit\":6,\"value\":\"one\",\"label\":\"username\",\"key\":\"username\"}}]}"}
{"level":"info","message":"Init"}
{"level":"info","message":"index.InitializeServer"}
{"level":"info","message":"Mongodb init."}
{"level":"info","message":"URI : mongodb://127.0.0.1:27017"}
{"level":"info","message":"Routes initialize."}
{"level":"info","message":"******Server listening on PORT: 8080******"}
{"level":"info","message":"register new user"}
{"level":"info","message":"Init"}
{"level":"info","message":"index.InitializeServer"}
{"level":"info","message":"Mongodb init."}
{"level":"info","message":"URI : mongodb://127.0.0.1:27017"}
{"level":"info","message":"Routes initialize."}
{"level":"info","message":"******Server listening on PORT: 8080******"}
{"level":"info","message":"register new user"}
{"level":"info","message":"Init"}
{"level":"info","message":"index.InitializeServer"}
{"level":"info","message":"Mongodb init."}
{"level":"info","message":"URI : mongodb://127.0.0.1:27017/nomoex"}
{"level":"info","message":"Routes initialize."}
{"level":"info","message":"******Server listening on PORT: 8080******"}
{"level":"info","message":"Init"}
{"level":"info","message":"index.InitializeServer"}
{"level":"info","message":"Mongodb init."}
{"level":"info","message":"URI : mongodb://127.0.0.1:27017/nomoex"}
{"level":"info","message":"Routes initialize."}
{"level":"info","message":"******Server listening on PORT: 8080******"}
{"level":"info","message":"register new user"}
{"level":"info","message":"Init"}
{"level":"info","message":"index.InitializeServer"}
{"level":"info","message":"Mongodb init."}
{"level":"info","message":"URI : mongodb://127.0.0.1:27017/nomoex"}
{"level":"info","message":"Routes initialize."}
{"level":"info","message":"******Server listening on PORT: 8080******"}
{"level":"info","message":"register new user"}
{"level":"silly","message":"checking user exist or not"}
{"level":"silly","message":"null"}
{"level":"info","message":"Init"}
{"level":"info","message":"index.InitializeServer"}
{"level":"info","message":"Mongodb init."}
{"level":"info","message":"URI : mongodb://127.0.0.1:27017/nomoex"}
{"level":"info","message":"Routes initialize."}
{"level":"info","message":"******Server listening on PORT: 8080******"}
{"level":"info","message":"register new user"}
{"level":"silly","message":"checking user exist or not"}
{"level":"silly","message":"null"}
{"level":"info","message":"Init"}
{"level":"info","message":"index.InitializeServer"}
{"level":"info","message":"Mongodb init."}
{"level":"info","message":"URI : mongodb://127.0.0.1:27017/nomoex"}
{"level":"info","message":"Routes initialize."}
{"level":"info","message":"******Server listening on PORT: 8080******"}
{"level":"info","message":"register new user"}
{"level":"silly","message":"checking user exist or not"}
{"level":"silly","message":"null"}
{"level":"info","message":"Init"}
{"level":"info","message":"index.InitializeServer"}
{"level":"info","message":"Mongodb init."}
{"level":"info","message":"URI : mongodb://127.0.0.1:27017/nomoex"}
{"level":"info","message":"Routes initialize."}
{"level":"info","message":"******Server listening on PORT: 8080******"}
{"level":"info","message":"register new user"}
{"level":"silly","message":"checking user exist or not"}
{"level":"silly","message":"null"}
{"level":"silly","message":"saving new user"}
{"level":"info","message":"register new user"}
{"level":"silly","message":"checking user exist or not"}
{"level":"silly","message":"{\"createdAt\":\"2022-07-30T16:29:47.010Z\",\"updatedAt\":\"2022-07-30T16:29:47.010Z\",\"_id\":\"62e55c7d6be3192533365b2f\",\"email\":\"piyush@gmail.com\",\"username\":\"one\",\"password\":\"$2b$10$qZBf/DC05DOwDZuKeSEZ0u2W2H0vH2UftzG/dPBykZyWulTuHa/xm\",\"__v\":0}"}
{"level":"info","message":"register new user"}
{"level":"silly","message":"checking user exist or not"}
{"level":"silly","message":"{\"createdAt\":\"2022-07-30T16:29:47.010Z\",\"updatedAt\":\"2022-07-30T16:29:47.010Z\",\"_id\":\"62e55c7d6be3192533365b2f\",\"email\":\"piyush@gmail.com\",\"username\":\"one\",\"password\":\"$2b$10$qZBf/DC05DOwDZuKeSEZ0u2W2H0vH2UftzG/dPBykZyWulTuHa/xm\",\"__v\":0}"}
{"level":"error","message":"{\"_original\":{\"username\":\"\",\"email\":\"piyush@gmail.com\",\"password\":\"12345678\"},\"details\":[{\"message\":\"\\\"username\\\" is not allowed to be empty\",\"path\":[\"username\"],\"type\":\"string.empty\",\"context\":{\"label\":\"username\",\"value\":\"\",\"key\":\"username\"}}]}"}
{"level":"error","message":"{\"_original\":{\"username\":\"\",\"email\":\"piyush@gmail.com\",\"password\":\"12345678\"},\"details\":[{\"message\":\"\\\"username\\\" is not allowed to be empty\",\"path\":[\"username\"],\"type\":\"string.empty\",\"context\":{\"label\":\"username\",\"value\":\"\",\"key\":\"username\"}}]}"}
{"level":"error","message":"{\"_original\":{\"firstName\":\"\",\"lastName\":\"Doe\",\"email\":\"johndoe@recraftrelic.com\",\"password\":\"johndoe\",\"employeeNo\":\"213\"},\"details\":[{\"message\":\"\\\"username\\\" is required\",\"path\":[\"username\"],\"type\":\"any.required\",\"context\":{\"label\":\"username\",\"key\":\"username\"}}]}"}
{"level":"error","message":"{\"_original\":{\"firstName\":\"\",\"lastName\":\"Doe\",\"email\":\"johndoe@recraftrelic.com\",\"password\":\"johndoe\",\"employeeNo\":\"213\"},\"details\":[{\"message\":\"\\\"username\\\" is required\",\"path\":[\"username\"],\"type\":\"any.required\",\"context\":{\"label\":\"username\",\"key\":\"username\"}}]}"}
{"level":"error","message":"{\"_original\":{\"firstName\":\"firstname\",\"lastName\":\"Doe\",\"email\":\"johndoe\",\"password\":\"johndoe\",\"employeeNo\":\"213\"},\"details\":[{\"message\":\"\\\"email\\\" must be a valid email\",\"path\":[\"email\"],\"type\":\"string.email\",\"context\":{\"value\":\"johndoe\",\"invalids\":[\"johndoe\"],\"label\":\"email\",\"key\":\"email\"}}]}"}
{"level":"error","message":"{\"_original\":{\"firstName\":\"firstname\",\"lastName\":\"Doe\",\"email\":\"johndoe\",\"password\":\"johndoe\",\"employeeNo\":\"213\"},\"details\":[{\"message\":\"\\\"email\\\" must be a valid email\",\"path\":[\"email\"],\"type\":\"string.email\",\"context\":{\"value\":\"johndoe\",\"invalids\":[\"johndoe\"],\"label\":\"email\",\"key\":\"email\"}}]}"}
{"level":"error","message":"{\"_original\":{\"firstName\":\"John\",\"lastName\":\"Doe\",\"email\":\"johndoe@recraftrelic.com\",\"password\":\"johndoe\",\"employeeNo\":\"213\"},\"details\":[{\"message\":\"\\\"username\\\" is required\",\"path\":[\"username\"],\"type\":\"any.required\",\"context\":{\"label\":\"username\",\"key\":\"username\"}}]}"}
{"level":"error","message":"{\"_original\":{\"firstName\":\"John\",\"lastName\":\"Doe\",\"email\":\"johndoe@recraftrelic.com\",\"password\":\"johndoe\",\"employeeNo\":\"213\"},\"details\":[{\"message\":\"\\\"username\\\" is required\",\"path\":[\"username\"],\"type\":\"any.required\",\"context\":{\"label\":\"username\",\"key\":\"username\"}}]}"}
{"level":"error","message":"{\"_original\":{\"username\":\"\",\"email\":\"abc@gamil.com\",\"password\":\"johndoe\"},\"details\":[{\"message\":\"\\\"username\\\" is not allowed to be empty\",\"path\":[\"username\"],\"type\":\"string.empty\",\"context\":{\"label\":\"username\",\"value\":\"\",\"key\":\"username\"}}]}"}
{"level":"error","message":"{\"_original\":{\"username\":\"\",\"email\":\"abc@gamil.com\",\"password\":\"johndoe\"},\"details\":[{\"message\":\"\\\"username\\\" is not allowed to be empty\",\"path\":[\"username\"],\"type\":\"string.empty\",\"context\":{\"label\":\"username\",\"value\":\"\",\"key\":\"username\"}}]}"}
{"level":"error","message":"{\"_original\":{\"username\":\"\",\"email\":\"abc@gamil.com\",\"password\":\"johndoe\"},\"details\":[{\"message\":\"\\\"username\\\" is not allowed to be empty\",\"path\":[\"username\"],\"type\":\"string.empty\",\"context\":{\"label\":\"username\",\"value\":\"\",\"key\":\"username\"}}]}"}
{"level":"error","message":"{\"_original\":{\"username\":\"\",\"email\":\"abc@gamil.com\",\"password\":\"johndoe\"},\"details\":[{\"message\":\"\\\"username\\\" is not allowed to be empty\",\"path\":[\"username\"],\"type\":\"string.empty\",\"context\":{\"label\":\"username\",\"value\":\"\",\"key\":\"username\"}}]}"}
{"level":"error","message":"{\"_original\":{\"username\":\"\",\"email\":\"abc@gamil.com\",\"password\":\"johndoe\"},\"details\":[{\"message\":\"\\\"username\\\" is not allowed to be empty\",\"path\":[\"username\"],\"type\":\"string.empty\",\"context\":{\"label\":\"username\",\"value\":\"\",\"key\":\"username\"}}]}"}
{"level":"error","message":"{\"_original\":{\"username\":\"\",\"email\":\"abc@gamil.com\",\"password\":\"johndoe\"},\"details\":[{\"message\":\"\\\"username\\\" is not allowed to be empty\",\"path\":[\"username\"],\"type\":\"string.empty\",\"context\":{\"label\":\"username\",\"value\":\"\",\"key\":\"username\"}}]}"}
{"level":"error","message":"{\"_original\":{\"username\":\"\",\"email\":\"abc@gamil.com\",\"password\":\"johndoe\"},\"details\":[{\"message\":\"\\\"username\\\" is not allowed to be empty\",\"path\":[\"username\"],\"type\":\"string.empty\",\"context\":{\"label\":\"username\",\"value\":\"\",\"key\":\"username\"}}]}"}
{"level":"error","message":"{\"_original\":{\"username\":\"\",\"email\":\"abc@gamil.com\",\"password\":\"johndoe\"},\"details\":[{\"message\":\"\\\"username\\\" is not allowed to be empty\",\"path\":[\"username\"],\"type\":\"string.empty\",\"context\":{\"label\":\"username\",\"value\":\"\",\"key\":\"username\"}}]}"}
{"level":"error","message":"{\"_original\":{\"username\":\"\",\"email\":\"abc@gamil.com\",\"password\":\"johndoe\"},\"details\":[{\"message\":\"\\\"username\\\" is not allowed to be empty\",\"path\":[\"username\"],\"type\":\"string.empty\",\"context\":{\"label\":\"username\",\"value\":\"\",\"key\":\"username\"}}]}"}
{"level":"error","message":"{\"_original\":{\"username\":\"\",\"email\":\"abc@gamil.com\",\"password\":\"johndoe\"},\"details\":[{\"message\":\"\\\"username\\\" is not allowed to be empty\",\"path\":[\"username\"],\"type\":\"string.empty\",\"context\":{\"label\":\"username\",\"value\":\"\",\"key\":\"username\"}}]}"}
{"level":"error","message":"{\"_original\":{\"username\":\"abcd\",\"email\":\"abc@gamil.com\",\"password\":\"johndoe\"},\"details\":[{\"message\":\"\\\"password\\\" length must be at least 8 characters long\",\"path\":[\"password\"],\"type\":\"string.min\",\"context\":{\"limit\":8,\"value\":\"johndoe\",\"label\":\"password\",\"key\":\"password\"}}]}"}
{"level":"error","message":"{\"_original\":{\"username\":\"abcd\",\"email\":\"abc@gamil.com\",\"password\":\"johndoe\"},\"details\":[{\"message\":\"\\\"password\\\" length must be at least 8 characters long\",\"path\":[\"password\"],\"type\":\"string.min\",\"context\":{\"limit\":8,\"value\":\"johndoe\",\"label\":\"password\",\"key\":\"password\"}}]}"}
{"level":"error","message":"{\"_original\":{\"email\":\"abc@gamil.com\",\"password\":\"12345678\"},\"details\":[{\"message\":\"\\\"username\\\" is required\",\"path\":[\"username\"],\"type\":\"any.required\",\"context\":{\"label\":\"username\",\"key\":\"username\"}}]}"}
{"level":"error","message":"{\"_original\":{\"username\":\"\",\"email\":\"abc@gamil.com\"},\"details\":[{\"message\":\"\\\"username\\\" is not allowed to be empty\",\"path\":[\"username\"],\"type\":\"string.empty\",\"context\":{\"label\":\"username\",\"value\":\"\",\"key\":\"username\"}}]}"}
{"level":"error","message":"{\"_original\":{\"username\":\"abc\",\"password\":\"12345678\"},\"details\":[{\"message\":\"\\\"email\\\" is required\",\"path\":[\"email\"],\"type\":\"any.required\",\"context\":{\"label\":\"email\",\"key\":\"email\"}}]}"}
{"level":"error","message":"{\"_original\":{\"username\":\"\",\"email\":\"abc@gmail.com\",\"password\":\"12345678\"},\"details\":[{\"message\":\"\\\"username\\\" is not allowed to be empty\",\"path\":[\"username\"],\"type\":\"string.empty\",\"context\":{\"label\":\"username\",\"value\":\"\",\"key\":\"username\"}}]}"}
{"level":"error","message":"{\"_original\":{\"username\":\"abc\",\"email\":\"abc@gmail.com\",\"password\":\"\"},\"details\":[{\"message\":\"\\\"password\\\" is not allowed to be empty\",\"path\":[\"password\"],\"type\":\"string.empty\",\"context\":{\"label\":\"password\",\"value\":\"\",\"key\":\"password\"}}]}"}
{"level":"error","message":"{\"_original\":{\"username\":\"abc\",\"email\":\"\",\"password\":\"12345678\"},\"details\":[{\"message\":\"\\\"email\\\" is not allowed to be empty\",\"path\":[\"email\"],\"type\":\"string.empty\",\"context\":{\"label\":\"email\",\"value\":\"\",\"key\":\"email\"}}]}"}
{"level":"error","message":"{\"_original\":{\"username\":\"abcd\",\"email\":\"abc@.com\",\"password\":\"12345678\"},\"details\":[{\"message\":\"\\\"email\\\" must be a valid email\",\"path\":[\"email\"],\"type\":\"string.email\",\"context\":{\"value\":\"abc@.com\",\"invalids\":[\"abc@.com\"],\"label\":\"email\",\"key\":\"email\"}}]}"}
{"level":"error","message":"{\"_original\":{\"username\":\"akbcnkdbcjrlbsjlhdbcjlhs\",\"email\":\"abc@gmail.com\",\"password\":\"12345678\"},\"details\":[{\"message\":\"\\\"username\\\" length must be less than or equal to 12 characters long\",\"path\":[\"username\"],\"type\":\"string.max\",\"context\":{\"limit\":12,\"value\":\"akbcnkdbcjrlbsjlhdbcjlhs\",\"label\":\"username\",\"key\":\"username\"}}]}"}
{"level":"error","message":"{\"_original\":{\"username\":\"ab\",\"email\":\"abc@gmail.com\",\"password\":\"12345678\"},\"details\":[{\"message\":\"\\\"username\\\" length must be at least 3 characters long\",\"path\":[\"username\"],\"type\":\"string.min\",\"context\":{\"limit\":3,\"value\":\"ab\",\"label\":\"username\",\"key\":\"username\"}}]}"}
{"level":"error","message":"{\"_original\":{\"username\":\"abc\",\"email\":\"abc@gmail.com\",\"password\":\"adbcklbclbsljcbwrlyblchsdblcjhbdjhc\"},\"details\":[{\"message\":\"\\\"password\\\" length must be less than or equal to 12 characters long\",\"path\":[\"password\"],\"type\":\"string.max\",\"context\":{\"limit\":12,\"value\":\"adbcklbclbsljcbwrlyblchsdblcjhbdjhc\",\"label\":\"password\",\"key\":\"password\"}}]}"}
{"level":"error","message":"{\"_original\":{\"username\":\"abc\",\"email\":\"abc@gmail.com\",\"password\":\"abcd\"},\"details\":[{\"message\":\"\\\"password\\\" length must be at least 8 characters long\",\"path\":[\"password\"],\"type\":\"string.min\",\"context\":{\"limit\":8,\"value\":\"abcd\",\"label\":\"password\",\"key\":\"password\"}}]}"}
{"level":"error","message":"{\"_original\":{\"username\":\"abcd\",\"email\":\"abc@gamil.com\",\"password\":\"johndoe\"},\"details\":[{\"message\":\"\\\"password\\\" length must be at least 8 characters long\",\"path\":[\"password\"],\"type\":\"string.min\",\"context\":{\"limit\":8,\"value\":\"johndoe\",\"label\":\"password\",\"key\":\"password\"}}]}"}
{"level":"error","message":"{\"_original\":{\"email\":\"abc@gamil.com\",\"password\":\"12345678\"},\"details\":[{\"message\":\"\\\"username\\\" is required\",\"path\":[\"username\"],\"type\":\"any.required\",\"context\":{\"label\":\"username\",\"key\":\"username\"}}]}"}
{"level":"error","message":"{\"_original\":{\"username\":\"\",\"email\":\"abc@gamil.com\"},\"details\":[{\"message\":\"\\\"username\\\" is not allowed to be empty\",\"path\":[\"username\"],\"type\":\"string.empty\",\"context\":{\"label\":\"username\",\"value\":\"\",\"key\":\"username\"}}]}"}
{"level":"error","message":"{\"_original\":{\"username\":\"abc\",\"password\":\"12345678\"},\"details\":[{\"message\":\"\\\"email\\\" is required\",\"path\":[\"email\"],\"type\":\"any.required\",\"context\":{\"label\":\"email\",\"key\":\"email\"}}]}"}
{"level":"error","message":"{\"_original\":{\"username\":\"\",\"email\":\"abc@gmail.com\",\"password\":\"12345678\"},\"details\":[{\"message\":\"\\\"username\\\" is not allowed to be empty\",\"path\":[\"username\"],\"type\":\"string.empty\",\"context\":{\"label\":\"username\",\"value\":\"\",\"key\":\"username\"}}]}"}
{"level":"error","message":"{\"_original\":{\"username\":\"abc\",\"email\":\"abc@gmail.com\",\"password\":\"\"},\"details\":[{\"message\":\"\\\"password\\\" is not allowed to be empty\",\"path\":[\"password\"],\"type\":\"string.empty\",\"context\":{\"label\":\"password\",\"value\":\"\",\"key\":\"password\"}}]}"}
{"level":"error","message":"{\"_original\":{\"username\":\"abc\",\"email\":\"\",\"password\":\"12345678\"},\"details\":[{\"message\":\"\\\"email\\\" is not allowed to be empty\",\"path\":[\"email\"],\"type\":\"string.empty\",\"context\":{\"label\":\"email\",\"value\":\"\",\"key\":\"email\"}}]}"}
{"level":"error","message":"{\"_original\":{\"username\":\"abcd\",\"email\":\"abc@.com\",\"password\":\"12345678\"},\"details\":[{\"message\":\"\\\"email\\\" must be a valid email\",\"path\":[\"email\"],\"type\":\"string.email\",\"context\":{\"value\":\"abc@.com\",\"invalids\":[\"abc@.com\"],\"label\":\"email\",\"key\":\"email\"}}]}"}
{"level":"error","message":"{\"_original\":{\"username\":\"akbcnkdbcjrlbsjlhdbcjlhs\",\"email\":\"abc@gmail.com\",\"password\":\"12345678\"},\"details\":[{\"message\":\"\\\"username\\\" length must be less than or equal to 12 characters long\",\"path\":[\"username\"],\"type\":\"string.max\",\"context\":{\"limit\":12,\"value\":\"akbcnkdbcjrlbsjlhdbcjlhs\",\"label\":\"username\",\"key\":\"username\"}}]}"}
{"level":"error","message":"{\"_original\":{\"username\":\"ab\",\"email\":\"abc@gmail.com\",\"password\":\"12345678\"},\"details\":[{\"message\":\"\\\"username\\\" length must be at least 3 characters long\",\"path\":[\"username\"],\"type\":\"string.min\",\"context\":{\"limit\":3,\"value\":\"ab\",\"label\":\"username\",\"key\":\"username\"}}]}"}
{"level":"error","message":"{\"_original\":{\"username\":\"abc\",\"email\":\"abc@gmail.com\",\"password\":\"adbcklbclbsljcbwrlyblchsdblcjhbdjhc\"},\"details\":[{\"message\":\"\\\"password\\\" length must be less than or equal to 12 characters long\",\"path\":[\"password\"],\"type\":\"string.max\",\"context\":{\"limit\":12,\"value\":\"adbcklbclbsljcbwrlyblchsdblcjhbdjhc\",\"label\":\"password\",\"key\":\"password\"}}]}"}
{"level":"error","message":"{\"_original\":{\"username\":\"abc\",\"email\":\"abc@gmail.com\",\"password\":\"abcd\"},\"details\":[{\"message\":\"\\\"password\\\" length must be at least 8 characters long\",\"path\":[\"password\"],\"type\":\"string.min\",\"context\":{\"limit\":8,\"value\":\"abcd\",\"label\":\"password\",\"key\":\"password\"}}]}"}
{"level":"error","message":"{\"_original\":{\"username\":\"abcd\",\"email\":\"abc@gamil.com\",\"password\":\"johndoe\"},\"details\":[{\"message\":\"\\\"password\\\" length must be at least 8 characters long\",\"path\":[\"password\"],\"type\":\"string.min\",\"context\":{\"limit\":8,\"value\":\"johndoe\",\"label\":\"password\",\"key\":\"password\"}}]}"}
{"level":"error","message":"{\"_original\":{\"email\":\"abc@gamil.com\",\"password\":\"12345678\"},\"details\":[{\"message\":\"\\\"username\\\" is required\",\"path\":[\"username\"],\"type\":\"any.required\",\"context\":{\"label\":\"username\",\"key\":\"username\"}}]}"}
{"level":"error","message":"{\"_original\":{\"username\":\"\",\"email\":\"abc@gamil.com\"},\"details\":[{\"message\":\"\\\"username\\\" is not allowed to be empty\",\"path\":[\"username\"],\"type\":\"string.empty\",\"context\":{\"label\":\"username\",\"value\":\"\",\"key\":\"username\"}}]}"}
{"level":"error","message":"{\"_original\":{\"username\":\"abc\",\"password\":\"12345678\"},\"details\":[{\"message\":\"\\\"email\\\" is required\",\"path\":[\"email\"],\"type\":\"any.required\",\"context\":{\"label\":\"email\",\"key\":\"email\"}}]}"}
{"level":"error","message":"{\"_original\":{\"username\":\"\",\"email\":\"abc@gmail.com\",\"password\":\"12345678\"},\"details\":[{\"message\":\"\\\"username\\\" is not allowed to be empty\",\"path\":[\"username\"],\"type\":\"string.empty\",\"context\":{\"label\":\"username\",\"value\":\"\",\"key\":\"username\"}}]}"}
{"level":"error","message":"{\"_original\":{\"username\":\"abc\",\"email\":\"abc@gmail.com\",\"password\":\"\"},\"details\":[{\"message\":\"\\\"password\\\" is not allowed to be empty\",\"path\":[\"password\"],\"type\":\"string.empty\",\"context\":{\"label\":\"password\",\"value\":\"\",\"key\":\"password\"}}]}"}
{"level":"error","message":"{\"_original\":{\"username\":\"abc\",\"email\":\"\",\"password\":\"12345678\"},\"details\":[{\"message\":\"\\\"email\\\" is not allowed to be empty\",\"path\":[\"email\"],\"type\":\"string.empty\",\"context\":{\"label\":\"email\",\"value\":\"\",\"key\":\"email\"}}]}"}
{"level":"error","message":"{\"_original\":{\"username\":\"abcd\",\"email\":\"abc@.com\",\"password\":\"12345678\"},\"details\":[{\"message\":\"\\\"email\\\" must be a valid email\",\"path\":[\"email\"],\"type\":\"string.email\",\"context\":{\"value\":\"abc@.com\",\"invalids\":[\"abc@.com\"],\"label\":\"email\",\"key\":\"email\"}}]}"}
{"level":"error","message":"{\"_original\":{\"username\":\"akbcnkdbcjrlbsjlhdbcjlhs\",\"email\":\"abc@gmail.com\",\"password\":\"12345678\"},\"details\":[{\"message\":\"\\\"username\\\" length must be less than or equal to 12 characters long\",\"path\":[\"username\"],\"type\":\"string.max\",\"context\":{\"limit\":12,\"value\":\"akbcnkdbcjrlbsjlhdbcjlhs\",\"label\":\"username\",\"key\":\"username\"}}]}"}
{"level":"error","message":"{\"_original\":{\"username\":\"ab\",\"email\":\"abc@gmail.com\",\"password\":\"12345678\"},\"details\":[{\"message\":\"\\\"username\\\" length must be at least 3 characters long\",\"path\":[\"username\"],\"type\":\"string.min\",\"context\":{\"limit\":3,\"value\":\"ab\",\"label\":\"username\",\"key\":\"username\"}}]}"}
{"level":"error","message":"{\"_original\":{\"username\":\"abc\",\"email\":\"abc@gmail.com\",\"password\":\"adbcklbclbsljcbwrlyblchsdblcjhbdjhc\"},\"details\":[{\"message\":\"\\\"password\\\" length must be less than or equal to 12 characters long\",\"path\":[\"password\"],\"type\":\"string.max\",\"context\":{\"limit\":12,\"value\":\"adbcklbclbsljcbwrlyblchsdblcjhbdjhc\",\"label\":\"password\",\"key\":\"password\"}}]}"}
{"level":"error","message":"{\"_original\":{\"username\":\"abc\",\"email\":\"abc@gmail.com\",\"password\":\"abcd\"},\"details\":[{\"message\":\"\\\"password\\\" length must be at least 8 characters long\",\"path\":[\"password\"],\"type\":\"string.min\",\"context\":{\"limit\":8,\"value\":\"abcd\",\"label\":\"password\",\"key\":\"password\"}}]}"}
{"level":"error","message":"{\"_original\":{\"username\":\"abcd\",\"email\":\"piyush@gamil.com\",\"password\":\"johndoe\"},\"details\":[{\"message\":\"\\\"password\\\" length must be at least 8 characters long\",\"path\":[\"password\"],\"type\":\"string.min\",\"context\":{\"limit\":8,\"value\":\"johndoe\",\"label\":\"password\",\"key\":\"password\"}}]}"}
{"level":"error","message":"{\"_original\":{\"email\":\"abc@gamil.com\",\"password\":\"12345678\"},\"details\":[{\"message\":\"\\\"username\\\" is required\",\"path\":[\"username\"],\"type\":\"any.required\",\"context\":{\"label\":\"username\",\"key\":\"username\"}}]}"}
{"level":"error","message":"{\"_original\":{\"username\":\"\",\"email\":\"abc@gamil.com\"},\"details\":[{\"message\":\"\\\"username\\\" is not allowed to be empty\",\"path\":[\"username\"],\"type\":\"string.empty\",\"context\":{\"label\":\"username\",\"value\":\"\",\"key\":\"username\"}}]}"}
{"level":"error","message":"{\"_original\":{\"username\":\"abc\",\"password\":\"12345678\"},\"details\":[{\"message\":\"\\\"email\\\" is required\",\"path\":[\"email\"],\"type\":\"any.required\",\"context\":{\"label\":\"email\",\"key\":\"email\"}}]}"}
{"level":"error","message":"{\"_original\":{\"username\":\"\",\"email\":\"abc@gmail.com\",\"password\":\"12345678\"},\"details\":[{\"message\":\"\\\"username\\\" is not allowed to be empty\",\"path\":[\"username\"],\"type\":\"string.empty\",\"context\":{\"label\":\"username\",\"value\":\"\",\"key\":\"username\"}}]}"}
{"level":"error","message":"{\"_original\":{\"username\":\"abc\",\"email\":\"abc@gmail.com\",\"password\":\"\"},\"details\":[{\"message\":\"\\\"password\\\" is not allowed to be empty\",\"path\":[\"password\"],\"type\":\"string.empty\",\"context\":{\"label\":\"password\",\"value\":\"\",\"key\":\"password\"}}]}"}
{"level":"error","message":"{\"_original\":{\"username\":\"abc\",\"email\":\"\",\"password\":\"12345678\"},\"details\":[{\"message\":\"\\\"email\\\" is not allowed to be empty\",\"path\":[\"email\"],\"type\":\"string.empty\",\"context\":{\"label\":\"email\",\"value\":\"\",\"key\":\"email\"}}]}"}
{"level":"error","message":"{\"_original\":{\"username\":\"abcd\",\"email\":\"abc@.com\",\"password\":\"12345678\"},\"details\":[{\"message\":\"\\\"email\\\" must be a valid email\",\"path\":[\"email\"],\"type\":\"string.email\",\"context\":{\"value\":\"abc@.com\",\"invalids\":[\"abc@.com\"],\"label\":\"email\",\"key\":\"email\"}}]}"}
{"level":"error","message":"{\"_original\":{\"username\":\"akbcnkdbcjrlbsjlhdbcjlhs\",\"email\":\"abc@gmail.com\",\"password\":\"12345678\"},\"details\":[{\"message\":\"\\\"username\\\" length must be less than or equal to 12 characters long\",\"path\":[\"username\"],\"type\":\"string.max\",\"context\":{\"limit\":12,\"value\":\"akbcnkdbcjrlbsjlhdbcjlhs\",\"label\":\"username\",\"key\":\"username\"}}]}"}
{"level":"error","message":"{\"_original\":{\"username\":\"ab\",\"email\":\"abc@gmail.com\",\"password\":\"12345678\"},\"details\":[{\"message\":\"\\\"username\\\" length must be at least 3 characters long\",\"path\":[\"username\"],\"type\":\"string.min\",\"context\":{\"limit\":3,\"value\":\"ab\",\"label\":\"username\",\"key\":\"username\"}}]}"}
{"level":"error","message":"{\"_original\":{\"username\":\"abc\",\"email\":\"abc@gmail.com\",\"password\":\"adbcklbclbsljcbwrlyblchsdblcjhbdjhc\"},\"details\":[{\"message\":\"\\\"password\\\" length must be less than or equal to 12 characters long\",\"path\":[\"password\"],\"type\":\"string.max\",\"context\":{\"limit\":12,\"value\":\"adbcklbclbsljcbwrlyblchsdblcjhbdjhc\",\"label\":\"password\",\"key\":\"password\"}}]}"}
{"level":"error","message":"{\"_original\":{\"username\":\"abc\",\"email\":\"abc@gmail.com\",\"password\":\"abcd\"},\"details\":[{\"message\":\"\\\"password\\\" length must be at least 8 characters long\",\"path\":[\"password\"],\"type\":\"string.min\",\"context\":{\"limit\":8,\"value\":\"abcd\",\"label\":\"password\",\"key\":\"password\"}}]}"}
{"level":"error","message":"{\"_original\":{\"username\":\"abcd\",\"email\":\"piyush@gamil.com\",\"password\":\"johndoe\"},\"details\":[{\"message\":\"\\\"password\\\" length must be at least 8 characters long\",\"path\":[\"password\"],\"type\":\"string.min\",\"context\":{\"limit\":8,\"value\":\"johndoe\",\"label\":\"password\",\"key\":\"password\"}}]}"}
{"level":"error","message":"{\"_original\":{\"email\":\"abc@gamil.com\",\"password\":\"12345678\"},\"details\":[{\"message\":\"\\\"username\\\" is required\",\"path\":[\"username\"],\"type\":\"any.required\",\"context\":{\"label\":\"username\",\"key\":\"username\"}}]}"}
{"level":"error","message":"{\"_original\":{\"username\":\"\",\"email\":\"abc@gamil.com\"},\"details\":[{\"message\":\"\\\"username\\\" is not allowed to be empty\",\"path\":[\"username\"],\"type\":\"string.empty\",\"context\":{\"label\":\"username\",\"value\":\"\",\"key\":\"username\"}}]}"}
{"level":"error","message":"{\"_original\":{\"username\":\"abc\",\"password\":\"12345678\"},\"details\":[{\"message\":\"\\\"email\\\" is required\",\"path\":[\"email\"],\"type\":\"any.required\",\"context\":{\"label\":\"email\",\"key\":\"email\"}}]}"}
{"level":"error","message":"{\"_original\":{\"username\":\"\",\"email\":\"abc@gmail.com\",\"password\":\"12345678\"},\"details\":[{\"message\":\"\\\"username\\\" is not allowed to be empty\",\"path\":[\"username\"],\"type\":\"string.empty\",\"context\":{\"label\":\"username\",\"value\":\"\",\"key\":\"username\"}}]}"}
{"level":"error","message":"{\"_original\":{\"username\":\"abc\",\"email\":\"abc@gmail.com\",\"password\":\"\"},\"details\":[{\"message\":\"\\\"password\\\" is not allowed to be empty\",\"path\":[\"password\"],\"type\":\"string.empty\",\"context\":{\"label\":\"password\",\"value\":\"\",\"key\":\"password\"}}]}"}
{"level":"error","message":"{\"_original\":{\"username\":\"abc\",\"email\":\"\",\"password\":\"12345678\"},\"details\":[{\"message\":\"\\\"email\\\" is not allowed to be empty\",\"path\":[\"email\"],\"type\":\"string.empty\",\"context\":{\"label\":\"email\",\"value\":\"\",\"key\":\"email\"}}]}"}
{"level":"error","message":"{\"_original\":{\"username\":\"abcd\",\"email\":\"abc@.com\",\"password\":\"12345678\"},\"details\":[{\"message\":\"\\\"email\\\" must be a valid email\",\"path\":[\"email\"],\"type\":\"string.email\",\"context\":{\"value\":\"abc@.com\",\"invalids\":[\"abc@.com\"],\"label\":\"email\",\"key\":\"email\"}}]}"}
{"level":"error","message":"{\"_original\":{\"username\":\"akbcnkdbcjrlbsjlhdbcjlhs\",\"email\":\"abc@gmail.com\",\"password\":\"12345678\"},\"details\":[{\"message\":\"\\\"username\\\" length must be less than or equal to 12 characters long\",\"path\":[\"username\"],\"type\":\"string.max\",\"context\":{\"limit\":12,\"value\":\"akbcnkdbcjrlbsjlhdbcjlhs\",\"label\":\"username\",\"key\":\"username\"}}]}"}
{"level":"error","message":"{\"_original\":{\"username\":\"ab\",\"email\":\"abc@gmail.com\",\"password\":\"12345678\"},\"details\":[{\"message\":\"\\\"username\\\" length must be at least 3 characters long\",\"path\":[\"username\"],\"type\":\"string.min\",\"context\":{\"limit\":3,\"value\":\"ab\",\"label\":\"username\",\"key\":\"username\"}}]}"}
{"level":"error","message":"{\"_original\":{\"username\":\"abc\",\"email\":\"abc@gmail.com\",\"password\":\"adbcklbclbsljcbwrlyblchsdblcjhbdjhc\"},\"details\":[{\"message\":\"\\\"password\\\" length must be less than or equal to 12 characters long\",\"path\":[\"password\"],\"type\":\"string.max\",\"context\":{\"limit\":12,\"value\":\"adbcklbclbsljcbwrlyblchsdblcjhbdjhc\",\"label\":\"password\",\"key\":\"password\"}}]}"}
{"level":"error","message":"{\"_original\":{\"username\":\"abc\",\"email\":\"abc@gmail.com\",\"password\":\"abcd\"},\"details\":[{\"message\":\"\\\"password\\\" length must be at least 8 characters long\",\"path\":[\"password\"],\"type\":\"string.min\",\"context\":{\"limit\":8,\"value\":\"abcd\",\"label\":\"password\",\"key\":\"password\"}}]}"}
{"level":"error","message":"{\"_original\":{\"username\":\"abcd\",\"email\":\"piyush@gamil.com\",\"password\":\"johndoe\"},\"details\":[{\"message\":\"\\\"password\\\" length must be at least 8 characters long\",\"path\":[\"password\"],\"type\":\"string.min\",\"context\":{\"limit\":8,\"value\":\"johndoe\",\"label\":\"password\",\"key\":\"password\"}}]}"}
{"level":"error","message":"{\"_original\":{\"email\":\"piyush@gmail.com\",\"password\":\"12345678\"},\"details\":[{\"message\":\"\\\"username\\\" is required\",\"path\":[\"username\"],\"type\":\"any.required\",\"context\":{\"label\":\"username\",\"key\":\"username\"}}]}"}
{"level":"info","message":"Init"}
{"level":"info","message":"index.InitializeServer"}
{"level":"info","message":"Mongodb init."}
{"level":"info","message":"URI : mongodb://127.0.0.1:27017/nomoex"}
{"level":"info","message":"Routes initialize."}
{"level":"info","message":"******Server listening on PORT: 8080******"}
{"level":"error","message":"{\"_original\":{\"username\":\"________\",\"password\":\"12345678\"},\"details\":[{\"message\":\"\\\"email\\\" is required\",\"path\":[\"email\"],\"type\":\"any.required\",\"context\":{\"label\":\"email\",\"key\":\"email\"}}]}"}
{"level":"info","message":"Init"}
{"level":"info","message":"index.InitializeServer"}
{"level":"info","message":"Mongodb init."}
{"level":"info","message":"URI : mongodb://127.0.0.1:27017/nomoex"}
{"level":"info","message":"Routes initialize."}
{"level":"info","message":"******Server listening on PORT: 8080******"}
{"level":"error","message":"{\"_original\":{\"username\":\"________\",\"password\":\"12345678\"},\"details\":[{\"message\":\"\\\"email\\\" is required\",\"path\":[\"email\"],\"type\":\"any.required\",\"context\":{\"label\":\"email\",\"key\":\"email\"}}]}"}
{"level":"info","message":"Init"}
{"level":"info","message":"index.InitializeServer"}
{"level":"info","message":"Mongodb init."}
{"level":"info","message":"URI : mongodb://127.0.0.1:27017/nomoex"}
{"level":"info","message":"Routes initialize."}
{"level":"info","message":"******Server listening on PORT: 8080******"}
{"level":"error","message":"{\"_original\":{\"username\":\"________\",\"password\":\"12345678\"},\"details\":[{\"message\":\"\\\"email\\\" is required\",\"path\":[\"email\"],\"type\":\"any.required\",\"context\":{\"label\":\"email\",\"key\":\"email\"}}]}"}
{"level":"error","message":"{\"_original\":{\"password\":\"12345678\"},\"details\":[{\"message\":\"\\\"email\\\" is required\",\"path\":[\"email\"],\"type\":\"any.required\",\"context\":{\"label\":\"email\",\"key\":\"email\"}}]}"}
{"level":"error","message":"{\"_original\":{\"email\":\"piyush@gmail.com\",\"password\":\"12345678\"},\"details\":[{\"message\":\"\\\"username\\\" is required\",\"path\":[\"username\"],\"type\":\"any.required\",\"context\":{\"label\":\"username\",\"key\":\"username\"}}]}"}
{"level":"error","message":"{\"_original\":{\"username\":\"________\",\"email\":\"piyush@gmail.com\",\"password\":\"12345678\"},\"details\":[{\"message\":\"\\\"username\\\" must only contain alpha-numeric characters\",\"path\":[\"username\"],\"type\":\"string.alphanum\",\"context\":{\"label\":\"username\",\"value\":\"________\",\"key\":\"username\"}}]}"}
{"level":"error","message":"{\"_original\":{\"email\":\"abc@gamil.com\",\"password\":\"12345678\"},\"details\":[{\"message\":\"\\\"username\\\" is required\",\"path\":[\"username\"],\"type\":\"any.required\",\"context\":{\"label\":\"username\",\"key\":\"username\"}}]}"}
{"level":"error","message":"{\"_original\":{\"username\":\"\",\"email\":\"abc@gamil.com\"},\"details\":[{\"message\":\"\\\"username\\\" is not allowed to be empty\",\"path\":[\"username\"],\"type\":\"string.empty\",\"context\":{\"label\":\"username\",\"value\":\"\",\"key\":\"username\"}}]}"}
{"level":"error","message":"{\"_original\":{\"username\":\"abc\",\"password\":\"12345678\"},\"details\":[{\"message\":\"\\\"email\\\" is required\",\"path\":[\"email\"],\"type\":\"any.required\",\"context\":{\"label\":\"email\",\"key\":\"email\"}}]}"}
{"level":"error","message":"{\"_original\":{\"username\":\"\",\"email\":\"abc@gmail.com\",\"password\":\"12345678\"},\"details\":[{\"message\":\"\\\"username\\\" is not allowed to be empty\",\"path\":[\"username\"],\"type\":\"string.empty\",\"context\":{\"label\":\"username\",\"value\":\"\",\"key\":\"username\"}}]}"}
{"level":"error","message":"{\"_original\":{\"username\":\"abc\",\"email\":\"abc@gmail.com\",\"password\":\"\"},\"details\":[{\"message\":\"\\\"password\\\" is not allowed to be empty\",\"path\":[\"password\"],\"type\":\"string.empty\",\"context\":{\"label\":\"password\",\"value\":\"\",\"key\":\"password\"}}]}"}
{"level":"error","message":"{\"_original\":{\"username\":\"abc\",\"email\":\"\",\"password\":\"12345678\"},\"details\":[{\"message\":\"\\\"email\\\" is not allowed to be empty\",\"path\":[\"email\"],\"type\":\"string.empty\",\"context\":{\"label\":\"email\",\"value\":\"\",\"key\":\"email\"}}]}"}
{"level":"error","message":"{\"_original\":{\"username\":\"abcd\",\"email\":\"abc@.com\",\"password\":\"12345678\"},\"details\":[{\"message\":\"\\\"email\\\" must be a valid email\",\"path\":[\"email\"],\"type\":\"string.email\",\"context\":{\"value\":\"abc@.com\",\"invalids\":[\"abc@.com\"],\"label\":\"email\",\"key\":\"email\"}}]}"}
{"level":"error","message":"{\"_original\":{\"username\":\"abcd\",\"email\":172683,\"password\":\"12345678\"},\"details\":[{\"message\":\"\\\"email\\\" must be a string\",\"path\":[\"email\"],\"type\":\"string.base\",\"context\":{\"label\":\"email\",\"value\":172683,\"key\":\"email\"}}]}"}
{"level":"error","message":"{\"_original\":{\"username\":1256,\"email\":\"abc@.com\",\"password\":\"12345678\"},\"details\":[{\"message\":\"\\\"email\\\" must be a valid email\",\"path\":[\"email\"],\"type\":\"string.email\",\"context\":{\"value\":\"abc@.com\",\"invalids\":[\"abc@.com\"],\"label\":\"email\",\"key\":\"email\"}}]}"}
{"level":"error","message":"{\"_original\":{\"username\":\"abcd\",\"email\":\"abc@.com\",\"password\":12345678},\"details\":[{\"message\":\"\\\"email\\\" must be a valid email\",\"path\":[\"email\"],\"type\":\"string.email\",\"context\":{\"value\":\"abc@.com\",\"invalids\":[\"abc@.com\"],\"label\":\"email\",\"key\":\"email\"}}]}"}
{"level":"error","message":"{\"_original\":{\"username\":\"akbcnkdbcjrlbsjlhdbcjlhs\",\"email\":\"abc@gmail.com\",\"password\":\"12345678\"},\"details\":[{\"message\":\"\\\"username\\\" length must be less than or equal to 12 characters long\",\"path\":[\"username\"],\"type\":\"string.max\",\"context\":{\"limit\":12,\"value\":\"akbcnkdbcjrlbsjlhdbcjlhs\",\"label\":\"username\",\"key\":\"username\"}}]}"}
{"level":"error","message":"{\"_original\":{\"username\":\"ab\",\"email\":\"abc@gmail.com\",\"password\":\"12345678\"},\"details\":[{\"message\":\"\\\"username\\\" length must be at least 3 characters long\",\"path\":[\"username\"],\"type\":\"string.min\",\"context\":{\"limit\":3,\"value\":\"ab\",\"label\":\"username\",\"key\":\"username\"}}]}"}
{"level":"error","message":"{\"_original\":{\"username\":\"abc\",\"email\":\"abc@gmail.com\",\"password\":\"adbcklbclbsljcbwrlyblchsdblcjhbdjhc\"},\"details\":[{\"message\":\"\\\"password\\\" length must be less than or equal to 12 characters long\",\"path\":[\"password\"],\"type\":\"string.max\",\"context\":{\"limit\":12,\"value\":\"adbcklbclbsljcbwrlyblchsdblcjhbdjhc\",\"label\":\"password\",\"key\":\"password\"}}]}"}
{"level":"error","message":"{\"_original\":{\"username\":\"abc\",\"email\":\"abc@gmail.com\",\"password\":\"abcd\"},\"details\":[{\"message\":\"\\\"password\\\" length must be at least 8 characters long\",\"path\":[\"password\"],\"type\":\"string.min\",\"context\":{\"limit\":8,\"value\":\"abcd\",\"label\":\"password\",\"key\":\"password\"}}]}"}
{"level":"error","message":"{\"_original\":{\"username\":\"abcd\",\"email\":\"piyush@gamil.com\",\"password\":\"johndoe\"},\"details\":[{\"message\":\"\\\"password\\\" length must be at least 8 characters long\",\"path\":[\"password\"],\"type\":\"string.min\",\"context\":{\"limit\":8,\"value\":\"johndoe\",\"label\":\"password\",\"key\":\"password\"}}]}"}
{"level":"error","message":"{\"_original\":{\"password\":\"12345678\"},\"details\":[{\"message\":\"\\\"email\\\" is required\",\"path\":[\"email\"],\"type\":\"any.required\",\"context\":{\"label\":\"email\",\"key\":\"email\"}}]}"}
{"level":"error","message":"{\"_original\":{\"email\":\"abc@gamil.com\"},\"details\":[{\"message\":\"\\\"password\\\" is required\",\"path\":[\"password\"],\"type\":\"any.required\",\"context\":{\"label\":\"password\",\"key\":\"password\"}}]}"}
{"level":"error","message":"{\"_original\":{\"email\":\"\",\"password\":\"12345678\"},\"details\":[{\"message\":\"\\\"email\\\" is not allowed to be empty\",\"path\":[\"email\"],\"type\":\"string.empty\",\"context\":{\"label\":\"email\",\"value\":\"\",\"key\":\"email\"}}]}"}
{"level":"error","message":"{\"_original\":{\"email\":\"abc@gamil.com\",\"password\":\"\"},\"details\":[{\"message\":\"\\\"password\\\" is not allowed to be empty\",\"path\":[\"password\"],\"type\":\"string.empty\",\"context\":{\"label\":\"password\",\"value\":\"\",\"key\":\"password\"}}]}"}
{"level":"error","message":"{\"_original\":{\"email\":\"abc@gamil.com\",\"password\":\"kabdcldbciulb;kcjdbkcdbkdb;kjcdk\"},\"details\":[{\"message\":\"\\\"password\\\" length must be less than or equal to 12 characters long\",\"path\":[\"password\"],\"type\":\"string.max\",\"context\":{\"limit\":12,\"value\":\"kabdcldbciulb;kcjdbkcdbkdb;kjcdk\",\"label\":\"password\",\"key\":\"password\"}}]}"}
{"level":"error","message":"{\"_original\":{\"email\":\"abc@gamil.com\",\"password\":12345},\"details\":[{\"message\":\"\\\"password\\\" must be a string\",\"path\":[\"password\"],\"type\":\"string.base\",\"context\":{\"label\":\"password\",\"value\":12345,\"key\":\"password\"}}]}"}
{"level":"error","message":"{\"_original\":{\"email\":\"abcgamil.com\",\"password\":\"\"},\"details\":[{\"message\":\"\\\"email\\\" must be a valid email\",\"path\":[\"email\"],\"type\":\"string.email\",\"context\":{\"value\":\"abcgamil.com\",\"invalids\":[\"abcgamil.com\"],\"label\":\"email\",\"key\":\"email\"}}]}"}
{"level":"error","message":"{\"_original\":{\"email\":\"abc@gamil.com\",\"password\":\"12345678\"},\"details\":[{\"message\":\"\\\"username\\\" is required\",\"path\":[\"username\"],\"type\":\"any.required\",\"context\":{\"label\":\"username\",\"key\":\"username\"}}]}"}
{"level":"error","message":"{\"_original\":{\"username\":\"\",\"email\":\"abc@gamil.com\"},\"details\":[{\"message\":\"\\\"username\\\" is not allowed to be empty\",\"path\":[\"username\"],\"type\":\"string.empty\",\"context\":{\"label\":\"username\",\"value\":\"\",\"key\":\"username\"}}]}"}
{"level":"error","message":"{\"_original\":{\"username\":\"abc\",\"password\":\"12345678\"},\"details\":[{\"message\":\"\\\"email\\\" is required\",\"path\":[\"email\"],\"type\":\"any.required\",\"context\":{\"label\":\"email\",\"key\":\"email\"}}]}"}
{"level":"error","message":"{\"_original\":{\"username\":\"\",\"email\":\"abc@gmail.com\",\"password\":\"12345678\"},\"details\":[{\"message\":\"\\\"username\\\" is not allowed to be empty\",\"path\":[\"username\"],\"type\":\"string.empty\",\"context\":{\"label\":\"username\",\"value\":\"\",\"key\":\"username\"}}]}"}
{"level":"error","message":"{\"_original\":{\"username\":\"abc\",\"email\":\"abc@gmail.com\",\"password\":\"\"},\"details\":[{\"message\":\"\\\"password\\\" is not allowed to be empty\",\"path\":[\"password\"],\"type\":\"string.empty\",\"context\":{\"label\":\"password\",\"value\":\"\",\"key\":\"password\"}}]}"}
{"level":"error","message":"{\"_original\":{\"username\":\"abc\",\"email\":\"\",\"password\":\"12345678\"},\"details\":[{\"message\":\"\\\"email\\\" is not allowed to be empty\",\"path\":[\"email\"],\"type\":\"string.empty\",\"context\":{\"label\":\"email\",\"value\":\"\",\"key\":\"email\"}}]}"}
{"level":"error","message":"{\"_original\":{\"username\":\"abcd\",\"email\":\"abc@.com\",\"password\":\"12345678\"},\"details\":[{\"message\":\"\\\"email\\\" must be a valid email\",\"path\":[\"email\"],\"type\":\"string.email\",\"context\":{\"value\":\"abc@.com\",\"invalids\":[\"abc@.com\"],\"label\":\"email\",\"key\":\"email\"}}]}"}
{"level":"error","message":"{\"_original\":{\"username\":\"abcd\",\"email\":172683,\"password\":\"12345678\"},\"details\":[{\"message\":\"\\\"email\\\" must be a string\",\"path\":[\"email\"],\"type\":\"string.base\",\"context\":{\"label\":\"email\",\"value\":172683,\"key\":\"email\"}}]}"}
{"level":"error","message":"{\"_original\":{\"username\":1256,\"email\":\"abc@.com\",\"password\":\"12345678\"},\"details\":[{\"message\":\"\\\"email\\\" must be a valid email\",\"path\":[\"email\"],\"type\":\"string.email\",\"context\":{\"value\":\"abc@.com\",\"invalids\":[\"abc@.com\"],\"label\":\"email\",\"key\":\"email\"}}]}"}
{"level":"error","message":"{\"_original\":{\"username\":\"_______\",\"email\":\"abc@.com\",\"password\":\"12345678\"},\"details\":[{\"message\":\"\\\"email\\\" must be a valid email\",\"path\":[\"email\"],\"type\":\"string.email\",\"context\":{\"value\":\"abc@.com\",\"invalids\":[\"abc@.com\"],\"label\":\"email\",\"key\":\"email\"}}]}"}
{"level":"error","message":"{\"_original\":{\"username\":\"abcd\",\"email\":\"abc@.com\",\"password\":12345678},\"details\":[{\"message\":\"\\\"email\\\" must be a valid email\",\"path\":[\"email\"],\"type\":\"string.email\",\"context\":{\"value\":\"abc@.com\",\"invalids\":[\"abc@.com\"],\"label\":\"email\",\"key\":\"email\"}}]}"}
{"level":"error","message":"{\"_original\":{\"username\":\"akbcnkdbcjrlbsjlhdbcjlhs\",\"email\":\"abc@gmail.com\",\"password\":\"12345678\"},\"details\":[{\"message\":\"\\\"username\\\" length must be less than or equal to 12 characters long\",\"path\":[\"username\"],\"type\":\"string.max\",\"context\":{\"limit\":12,\"value\":\"akbcnkdbcjrlbsjlhdbcjlhs\",\"label\":\"username\",\"key\":\"username\"}}]}"}
{"level":"error","message":"{\"_original\":{\"username\":\"ab\",\"email\":\"abc@gmail.com\",\"password\":\"12345678\"},\"details\":[{\"message\":\"\\\"username\\\" length must be at least 3 characters long\",\"path\":[\"username\"],\"type\":\"string.min\",\"context\":{\"limit\":3,\"value\":\"ab\",\"label\":\"username\",\"key\":\"username\"}}]}"}
{"level":"error","message":"{\"_original\":{\"username\":\"abc\",\"email\":\"abc@gmail.com\",\"password\":\"adbcklbclbsljcbwrlyblchsdblcjhbdjhc\"},\"details\":[{\"message\":\"\\\"password\\\" length must be less than or equal to 12 characters long\",\"path\":[\"password\"],\"type\":\"string.max\",\"context\":{\"limit\":12,\"value\":\"adbcklbclbsljcbwrlyblchsdblcjhbdjhc\",\"label\":\"password\",\"key\":\"password\"}}]}"}
{"level":"error","message":"{\"_original\":{\"username\":\"abc\",\"email\":\"abc@gmail.com\",\"password\":\"abcd\"},\"details\":[{\"message\":\"\\\"password\\\" length must be at least 8 characters long\",\"path\":[\"password\"],\"type\":\"string.min\",\"context\":{\"limit\":8,\"value\":\"abcd\",\"label\":\"password\",\"key\":\"password\"}}]}"}
{"level":"error","message":"{\"_original\":{\"username\":\"abcd\",\"email\":\"piyush@gamil.com\",\"password\":\"johndoe\"},\"details\":[{\"message\":\"\\\"password\\\" length must be at least 8 characters long\",\"path\":[\"password\"],\"type\":\"string.min\",\"context\":{\"limit\":8,\"value\":\"johndoe\",\"label\":\"password\",\"key\":\"password\"}}]}"}
{"level":"error","message":"{\"_original\":{\"password\":\"12345678\"},\"details\":[{\"message\":\"\\\"email\\\" is required\",\"path\":[\"email\"],\"type\":\"any.required\",\"context\":{\"label\":\"email\",\"key\":\"email\"}}]}"}
{"level":"error","message":"{\"_original\":{\"email\":\"abc@gamil.com\"},\"details\":[{\"message\":\"\\\"password\\\" is required\",\"path\":[\"password\"],\"type\":\"any.required\",\"context\":{\"label\":\"password\",\"key\":\"password\"}}]}"}
{"level":"error","message":"{\"_original\":{\"email\":\"\",\"password\":\"12345678\"},\"details\":[{\"message\":\"\\\"email\\\" is not allowed to be empty\",\"path\":[\"email\"],\"type\":\"string.empty\",\"context\":{\"label\":\"email\",\"value\":\"\",\"key\":\"email\"}}]}"}
{"level":"error","message":"{\"_original\":{\"email\":\"abc@gamil.com\",\"password\":\"\"},\"details\":[{\"message\":\"\\\"password\\\" is not allowed to be empty\",\"path\":[\"password\"],\"type\":\"string.empty\",\"context\":{\"label\":\"password\",\"value\":\"\",\"key\":\"password\"}}]}"}
{"level":"error","message":"{\"_original\":{\"email\":\"abc@gamil.com\",\"password\":\"kabdcldbciulb;kcjdbkcdbkdb;kjcdk\"},\"details\":[{\"message\":\"\\\"password\\\" length must be less than or equal to 12 characters long\",\"path\":[\"password\"],\"type\":\"string.max\",\"context\":{\"limit\":12,\"value\":\"kabdcldbciulb;kcjdbkcdbkdb;kjcdk\",\"label\":\"password\",\"key\":\"password\"}}]}"}
{"level":"error","message":"{\"_original\":{\"email\":\"abc@gamil.com\",\"password\":12345},\"details\":[{\"message\":\"\\\"password\\\" must be a string\",\"path\":[\"password\"],\"type\":\"string.base\",\"context\":{\"label\":\"password\",\"value\":12345,\"key\":\"password\"}}]}"}
{"level":"error","message":"{\"_original\":{\"email\":\"abcgamil.com\",\"password\":\"\"},\"details\":[{\"message\":\"\\\"email\\\" must be a valid email\",\"path\":[\"email\"],\"type\":\"string.email\",\"context\":{\"value\":\"abcgamil.com\",\"invalids\":[\"abcgamil.com\"],\"label\":\"email\",\"key\":\"email\"}}]}"}
{"level":"error","message":"{\"_original\":{\"email\":\"abc@gamil.com\",\"password\":\"12345678\"},\"details\":[{\"message\":\"\\\"username\\\" is required\",\"path\":[\"username\"],\"type\":\"any.required\",\"context\":{\"label\":\"username\",\"key\":\"username\"}}]}"}
{"level":"error","message":"{\"_original\":{\"username\":\"\",\"email\":\"abc@gamil.com\"},\"details\":[{\"message\":\"\\\"username\\\" is not allowed to be empty\",\"path\":[\"username\"],\"type\":\"string.empty\",\"context\":{\"label\":\"username\",\"value\":\"\",\"key\":\"username\"}}]}"}
{"level":"error","message":"{\"_original\":{\"username\":\"abc\",\"password\":\"12345678\"},\"details\":[{\"message\":\"\\\"email\\\" is required\",\"path\":[\"email\"],\"type\":\"any.required\",\"context\":{\"label\":\"email\",\"key\":\"email\"}}]}"}
{"level":"error","message":"{\"_original\":{\"username\":\"\",\"email\":\"abc@gmail.com\",\"password\":\"12345678\"},\"details\":[{\"message\":\"\\\"username\\\" is not allowed to be empty\",\"path\":[\"username\"],\"type\":\"string.empty\",\"context\":{\"label\":\"username\",\"value\":\"\",\"key\":\"username\"}}]}"}
{"level":"error","message":"{\"_original\":{\"username\":\"abc\",\"email\":\"abc@gmail.com\",\"password\":\"\"},\"details\":[{\"message\":\"\\\"password\\\" is not allowed to be empty\",\"path\":[\"password\"],\"type\":\"string.empty\",\"context\":{\"label\":\"password\",\"value\":\"\",\"key\":\"password\"}}]}"}
{"level":"error","message":"{\"_original\":{\"username\":\"abc\",\"email\":\"\",\"password\":\"12345678\"},\"details\":[{\"message\":\"\\\"email\\\" is not allowed to be empty\",\"path\":[\"email\"],\"type\":\"string.empty\",\"context\":{\"label\":\"email\",\"value\":\"\",\"key\":\"email\"}}]}"}
{"level":"error","message":"{\"_original\":{\"username\":\"abcd\",\"email\":\"abc@.com\",\"password\":\"12345678\"},\"details\":[{\"message\":\"\\\"email\\\" must be a valid email\",\"path\":[\"email\"],\"type\":\"string.email\",\"context\":{\"value\":\"abc@.com\",\"invalids\":[\"abc@.com\"],\"label\":\"email\",\"key\":\"email\"}}]}"}
{"level":"error","message":"{\"_original\":{\"username\":\"abcd\",\"email\":172683,\"password\":\"12345678\"},\"details\":[{\"message\":\"\\\"email\\\" must be a string\",\"path\":[\"email\"],\"type\":\"string.base\",\"context\":{\"label\":\"email\",\"value\":172683,\"key\":\"email\"}}]}"}
{"level":"error","message":"{\"_original\":{\"username\":1256,\"email\":\"abc@.com\",\"password\":\"12345678\"},\"details\":[{\"message\":\"\\\"email\\\" must be a valid email\",\"path\":[\"email\"],\"type\":\"string.email\",\"context\":{\"value\":\"abc@.com\",\"invalids\":[\"abc@.com\"],\"label\":\"email\",\"key\":\"email\"}}]}"}
{"level":"error","message":"{\"_original\":{\"username\":\"_______\",\"email\":\"abc@.com\",\"password\":\"12345678\"},\"details\":[{\"message\":\"\\\"email\\\" must be a valid email\",\"path\":[\"email\"],\"type\":\"string.email\",\"context\":{\"value\":\"abc@.com\",\"invalids\":[\"abc@.com\"],\"label\":\"email\",\"key\":\"email\"}}]}"}
{"level":"error","message":"{\"_original\":{\"username\":\"abcd\",\"email\":\"abc@.com\",\"password\":12345678},\"details\":[{\"message\":\"\\\"email\\\" must be a valid email\",\"path\":[\"email\"],\"type\":\"string.email\",\"context\":{\"value\":\"abc@.com\",\"invalids\":[\"abc@.com\"],\"label\":\"email\",\"key\":\"email\"}}]}"}
{"level":"error","message":"{\"_original\":{\"username\":\"akbcnkdbcjrlbsjlhdbcjlhs\",\"email\":\"abc@gmail.com\",\"password\":\"12345678\"},\"details\":[{\"message\":\"\\\"username\\\" length must be less than or equal to 12 characters long\",\"path\":[\"username\"],\"type\":\"string.max\",\"context\":{\"limit\":12,\"value\":\"akbcnkdbcjrlbsjlhdbcjlhs\",\"label\":\"username\",\"key\":\"username\"}}]}"}
{"level":"error","message":"{\"_original\":{\"username\":\"ab\",\"email\":\"abc@gmail.com\",\"password\":\"12345678\"},\"details\":[{\"message\":\"\\\"username\\\" length must be at least 3 characters long\",\"path\":[\"username\"],\"type\":\"string.min\",\"context\":{\"limit\":3,\"value\":\"ab\",\"label\":\"username\",\"key\":\"username\"}}]}"}
{"level":"error","message":"{\"_original\":{\"username\":\"abc\",\"email\":\"abc@gmail.com\",\"password\":\"adbcklbclbsljcbwrlyblchsdblcjhbdjhc\"},\"details\":[{\"message\":\"\\\"password\\\" length must be less than or equal to 12 characters long\",\"path\":[\"password\"],\"type\":\"string.max\",\"context\":{\"limit\":12,\"value\":\"adbcklbclbsljcbwrlyblchsdblcjhbdjhc\",\"label\":\"password\",\"key\":\"password\"}}]}"}
{"level":"error","message":"{\"_original\":{\"username\":\"abc\",\"email\":\"abc@gmail.com\",\"password\":\"abcd\"},\"details\":[{\"message\":\"\\\"password\\\" length must be at least 8 characters long\",\"path\":[\"password\"],\"type\":\"string.min\",\"context\":{\"limit\":8,\"value\":\"abcd\",\"label\":\"password\",\"key\":\"password\"}}]}"}
{"level":"error","message":"{\"_original\":{\"username\":\"abcd\",\"email\":\"piyush@gamil.com\",\"password\":\"johndoe\"},\"details\":[{\"message\":\"\\\"password\\\" length must be at least 8 characters long\",\"path\":[\"password\"],\"type\":\"string.min\",\"context\":{\"limit\":8,\"value\":\"johndoe\",\"label\":\"password\",\"key\":\"password\"}}]}"}
{"level":"error","message":"{\"_original\":{\"password\":\"12345678\"},\"details\":[{\"message\":\"\\\"email\\\" is required\",\"path\":[\"email\"],\"type\":\"any.required\",\"context\":{\"label\":\"email\",\"key\":\"email\"}}]}"}
{"level":"error","message":"{\"_original\":{\"email\":\"abc@gamil.com\"},\"details\":[{\"message\":\"\\\"password\\\" is required\",\"path\":[\"password\"],\"type\":\"any.required\",\"context\":{\"label\":\"password\",\"key\":\"password\"}}]}"}
{"level":"error","message":"{\"_original\":{\"email\":\"\",\"password\":\"12345678\"},\"details\":[{\"message\":\"\\\"email\\\" is not allowed to be empty\",\"path\":[\"email\"],\"type\":\"string.empty\",\"context\":{\"label\":\"email\",\"value\":\"\",\"key\":\"email\"}}]}"}
{"level":"error","message":"{\"_original\":{\"email\":\"abc@gamil.com\",\"password\":\"\"},\"details\":[{\"message\":\"\\\"password\\\" is not allowed to be empty\",\"path\":[\"password\"],\"type\":\"string.empty\",\"context\":{\"label\":\"password\",\"value\":\"\",\"key\":\"password\"}}]}"}
{"level":"error","message":"{\"_original\":{\"email\":\"abc@gamil.com\",\"password\":\"kabdcldbciulb;kcjdbkcdbkdb;kjcdk\"},\"details\":[{\"message\":\"\\\"password\\\" length must be less than or equal to 12 characters long\",\"path\":[\"password\"],\"type\":\"string.max\",\"context\":{\"limit\":12,\"value\":\"kabdcldbciulb;kcjdbkcdbkdb;kjcdk\",\"label\":\"password\",\"key\":\"password\"}}]}"}
{"level":"error","message":"{\"_original\":{\"email\":\"abc@gamil.com\",\"password\":12345},\"details\":[{\"message\":\"\\\"password\\\" must be a string\",\"path\":[\"password\"],\"type\":\"string.base\",\"context\":{\"label\":\"password\",\"value\":12345,\"key\":\"password\"}}]}"}
{"level":"error","message":"{\"_original\":{\"email\":\"abcgamil.com\",\"password\":\"\"},\"details\":[{\"message\":\"\\\"email\\\" must be a valid email\",\"path\":[\"email\"],\"type\":\"string.email\",\"context\":{\"value\":\"abcgamil.com\",\"invalids\":[\"abcgamil.com\"],\"label\":\"email\",\"key\":\"email\"}}]}"}
{"level":"error","message":"{\"_original\":{\"email\":\"abc@gamil.com\",\"password\":\"12345678\"},\"details\":[{\"message\":\"\\\"username\\\" is required\",\"path\":[\"username\"],\"type\":\"any.required\",\"context\":{\"label\":\"username\",\"key\":\"username\"}}]}"}
{"level":"error","message":"{\"_original\":{\"username\":\"\",\"email\":\"abc@gamil.com\"},\"details\":[{\"message\":\"\\\"username\\\" is not allowed to be empty\",\"path\":[\"username\"],\"type\":\"string.empty\",\"context\":{\"label\":\"username\",\"value\":\"\",\"key\":\"username\"}}]}"}
{"level":"error","message":"{\"_original\":{\"username\":\"abc\",\"password\":\"12345678\"},\"details\":[{\"message\":\"\\\"email\\\" is required\",\"path\":[\"email\"],\"type\":\"any.required\",\"context\":{\"label\":\"email\",\"key\":\"email\"}}]}"}
{"level":"error","message":"{\"_original\":{\"username\":\"\",\"email\":\"abc@gmail.com\",\"password\":\"12345678\"},\"details\":[{\"message\":\"\\\"username\\\" is not allowed to be empty\",\"path\":[\"username\"],\"type\":\"string.empty\",\"context\":{\"label\":\"username\",\"value\":\"\",\"key\":\"username\"}}]}"}
{"level":"error","message":"{\"_original\":{\"username\":\"abc\",\"email\":\"abc@gmail.com\",\"password\":\"\"},\"details\":[{\"message\":\"\\\"password\\\" is not allowed to be empty\",\"path\":[\"password\"],\"type\":\"string.empty\",\"context\":{\"label\":\"password\",\"value\":\"\",\"key\":\"password\"}}]}"}
{"level":"error","message":"{\"_original\":{\"username\":\"abc\",\"email\":\"\",\"password\":\"12345678\"},\"details\":[{\"message\":\"\\\"email\\\" is not allowed to be empty\",\"path\":[\"email\"],\"type\":\"string.empty\",\"context\":{\"label\":\"email\",\"value\":\"\",\"key\":\"email\"}}]}"}
{"level":"error","message":"{\"_original\":{\"username\":\"abcd\",\"email\":\"abc@.com\",\"password\":\"12345678\"},\"details\":[{\"message\":\"\\\"email\\\" must be a valid email\",\"path\":[\"email\"],\"type\":\"string.email\",\"context\":{\"value\":\"abc@.com\",\"invalids\":[\"abc@.com\"],\"label\":\"email\",\"key\":\"email\"}}]}"}
{"level":"error","message":"{\"_original\":{\"username\":\"abcd\",\"email\":172683,\"password\":\"12345678\"},\"details\":[{\"message\":\"\\\"email\\\" must be a string\",\"path\":[\"email\"],\"type\":\"string.base\",\"context\":{\"label\":\"email\",\"value\":172683,\"key\":\"email\"}}]}"}
{"level":"error","message":"{\"_original\":{\"username\":1256,\"email\":\"abc@.com\",\"password\":\"12345678\"},\"details\":[{\"message\":\"\\\"email\\\" must be a valid email\",\"path\":[\"email\"],\"type\":\"string.email\",\"context\":{\"value\":\"abc@.com\",\"invalids\":[\"abc@.com\"],\"label\":\"email\",\"key\":\"email\"}}]}"}
{"level":"error","message":"{\"_original\":{\"username\":\"_______\",\"email\":\"abc@.com\",\"password\":\"12345678\"},\"details\":[{\"message\":\"\\\"email\\\" must be a valid email\",\"path\":[\"email\"],\"type\":\"string.email\",\"context\":{\"value\":\"abc@.com\",\"invalids\":[\"abc@.com\"],\"label\":\"email\",\"key\":\"email\"}}]}"}
{"level":"error","message":"{\"_original\":{\"username\":\"abcd\",\"email\":\"abc@.com\",\"password\":12345678},\"details\":[{\"message\":\"\\\"email\\\" must be a valid email\",\"path\":[\"email\"],\"type\":\"string.email\",\"context\":{\"value\":\"abc@.com\",\"invalids\":[\"abc@.com\"],\"label\":\"email\",\"key\":\"email\"}}]}"}
{"level":"error","message":"{\"_original\":{\"username\":\"akbcnkdbcjrlbsjlhdbcjlhs\",\"email\":\"abc@gmail.com\",\"password\":\"12345678\"},\"details\":[{\"message\":\"\\\"username\\\" length must be less than or equal to 12 characters long\",\"path\":[\"username\"],\"type\":\"string.max\",\"context\":{\"limit\":12,\"value\":\"akbcnkdbcjrlbsjlhdbcjlhs\",\"label\":\"username\",\"key\":\"username\"}}]}"}
{"level":"error","message":"{\"_original\":{\"username\":\"ab\",\"email\":\"abc@gmail.com\",\"password\":\"12345678\"},\"details\":[{\"message\":\"\\\"username\\\" length must be at least 3 characters long\",\"path\":[\"username\"],\"type\":\"string.min\",\"context\":{\"limit\":3,\"value\":\"ab\",\"label\":\"username\",\"key\":\"username\"}}]}"}
{"level":"error","message":"{\"_original\":{\"username\":\"abc\",\"email\":\"abc@gmail.com\",\"password\":\"adbcklbclbsljcbwrlyblchsdblcjhbdjhc\"},\"details\":[{\"message\":\"\\\"password\\\" length must be less than or equal to 12 characters long\",\"path\":[\"password\"],\"type\":\"string.max\",\"context\":{\"limit\":12,\"value\":\"adbcklbclbsljcbwrlyblchsdblcjhbdjhc\",\"label\":\"password\",\"key\":\"password\"}}]}"}
{"level":"error","message":"{\"_original\":{\"username\":\"abc\",\"email\":\"abc@gmail.com\",\"password\":\"abcd\"},\"details\":[{\"message\":\"\\\"password\\\" length must be at least 8 characters long\",\"path\":[\"password\"],\"type\":\"string.min\",\"context\":{\"limit\":8,\"value\":\"abcd\",\"label\":\"password\",\"key\":\"password\"}}]}"}
{"level":"error","message":"{\"_original\":{\"username\":\"abcd\",\"email\":\"piyush@gamil.com\",\"password\":\"johndoe\"},\"details\":[{\"message\":\"\\\"password\\\" length must be at least 8 characters long\",\"path\":[\"password\"],\"type\":\"string.min\",\"context\":{\"limit\":8,\"value\":\"johndoe\",\"label\":\"password\",\"key\":\"password\"}}]}"}
{"level":"error","message":"{\"_original\":{\"password\":\"12345678\"},\"details\":[{\"message\":\"\\\"email\\\" is required\",\"path\":[\"email\"],\"type\":\"any.required\",\"context\":{\"label\":\"email\",\"key\":\"email\"}}]}"}
{"level":"error","message":"{\"_original\":{\"email\":\"abc@gamil.com\"},\"details\":[{\"message\":\"\\\"password\\\" is required\",\"path\":[\"password\"],\"type\":\"any.required\",\"context\":{\"label\":\"password\",\"key\":\"password\"}}]}"}
{"level":"error","message":"{\"_original\":{\"email\":\"\",\"password\":\"12345678\"},\"details\":[{\"message\":\"\\\"email\\\" is not allowed to be empty\",\"path\":[\"email\"],\"type\":\"string.empty\",\"context\":{\"label\":\"email\",\"value\":\"\",\"key\":\"email\"}}]}"}
{"level":"error","message":"{\"_original\":{\"email\":\"abc@gamil.com\",\"password\":\"\"},\"details\":[{\"message\":\"\\\"password\\\" is not allowed to be empty\",\"path\":[\"password\"],\"type\":\"string.empty\",\"context\":{\"label\":\"password\",\"value\":\"\",\"key\":\"password\"}}]}"}
{"level":"error","message":"{\"_original\":{\"email\":\"abc@gamil.com\",\"password\":\"kabdcldbciulb;kcjdbkcdbkdb;kjcdk\"},\"details\":[{\"message\":\"\\\"password\\\" length must be less than or equal to 12 characters long\",\"path\":[\"password\"],\"type\":\"string.max\",\"context\":{\"limit\":12,\"value\":\"kabdcldbciulb;kcjdbkcdbkdb;kjcdk\",\"label\":\"password\",\"key\":\"password\"}}]}"}
{"level":"error","message":"{\"_original\":{\"email\":\"abc@gamil.com\",\"password\":12345},\"details\":[{\"message\":\"\\\"password\\\" must be a string\",\"path\":[\"password\"],\"type\":\"string.base\",\"context\":{\"label\":\"password\",\"value\":12345,\"key\":\"password\"}}]}"}
{"level":"error","message":"{\"_original\":{\"email\":\"abcgamil.com\",\"password\":\"\"},\"details\":[{\"message\":\"\\\"email\\\" must be a valid email\",\"path\":[\"email\"],\"type\":\"string.email\",\"context\":{\"value\":\"abcgamil.com\",\"invalids\":[\"abcgamil.com\"],\"label\":\"email\",\"key\":\"email\"}}]}"}
